# 
# Questa Static Verification System
# Version 2021.1 4558100 win64 28-Jan-2021

log created Thu Aug  7 18:07:59 2025 by User on DESKTOP-KQ2UU1D


# 
# Questa Static Verification System
# Version 2021.1 4558100 win64 28-Jan-2021

log created Thu Aug  7 18:07:32 2025 by User on DESKTOP-KQ2UU1D


Command: netlist elaborate
Command arguments:
    -zdb C:/Users/User/Documents/My-Github/SPI_Project/qcache/DB/zdb_1
    -tool lint
    -d SPI_Wrapper
    -L work

Questa Debug flags:
 4300:  lint_gui_mode        (Default False)


## Elaborating Design...
Reading MTI mapping for library mapping
Writing all MTI mappings to vmap output ...

Top level modules:
	SPI_Wrapper

Analyzing design...
-- Loading module z0in_work.SPI_Wrapper

Performing 103 Lint Checks
=============================

Lint Stage 1 of 5 - Pre Design Elaboration (4 checks)
------------------------------------------------------
-- Loading module z0in_work.SPI_Slave
-- Loading module z0in_work.RAM
Optimizing 3 design-units (inlining 0/3 module instances):
-- Optimizing module z0in_work.SPI_Slave(fast)
Lint Stage-1 100% complete [Total Progress -   7%]

Lint Stage 2 of 5 - Design Elaboration (66 checks)
---------------------------------------------------
-- Optimizing module z0in_work.RAM(fast)
Lint Stage-2  33% complete (1 out of 3 modules checked) [Total Progress -  11%]
-- Optimizing module z0in_work.SPI_Wrapper(fast)
Lint Stage-2  67% complete (2 out of 3 modules checked) [Total Progress -  17%]
Optimized design name is zi_opt_def_2061738695_1
Lint Stage-2 100% complete (3 out of 3 modules checked) [Total Progress -  23%]
End of log Thu Aug  7 18:07:40 2025


# 
# Questa Static Verification System
# Version 2021.1 4558100 win64 28-Jan-2021

log created Thu Aug  7 18:07:42 2025 by User on DESKTOP-KQ2UU1D


Command: netlist create
Command arguments:
    -zdb C:/Users/User/Documents/My-Github/SPI_Project/qcache/DB/zdb_1
    -tool lint
    -d SPI_Wrapper
    -L work

Questa Debug flags:
 4300:  lint_gui_mode        (Default False)


## Synthesizing netlist...

Lint Stage 3 of 5 - Post Design Elaboration (17 checks)
--------------------------------------------------------
Lint Stage-3  24% complete [Total Progress -  27%]
Lint Stage-3  47% complete [Total Progress -  29%]
Lint Stage-3  71% complete [Total Progress -  32%]
Lint Stage-3  94% complete [Total Progress -  34%]
Lint Stage-3 100% complete [Total Progress -  35%]
Analyzing designs.
Elaborating module 'SPI_Slave'.
Elaborating module 'RAM'.
Elaborating module 'SPI_Wrapper'.

Lint Stage 4 of 5 - Design Synthesis (1 checks)
------------------------------------------------
Lint Stage-4 100% complete [Total Progress -  75%]

Lint Stage 5 of 5 - Post Design Synthesis (15 checks)
------------------------------------------------------
Lint Stage-5  20% complete [Total Progress -  88%]
Lint Stage-5  40% complete [Total Progress -  91%]
Lint Stage-5  60% complete [Total Progress -  94%]
Lint Stage-5  80% complete [Total Progress -  97%]
Lint Stage-5 100% complete [Total Progress - 100%]

Lint Checking Completed
##Time Taken (Synthesis) = 2612.000000 ticks = 2.612000 secs

End of log Thu Aug  7 18:07:50 2025


# Reading design database from C:/Users/User/Documents/My-Github/SPI_Project/qcache/LINT/CACHE...completed (0.005 (s)).
End of log Thu Aug  7 18:07:51 2025


# 
# Questa Static Verification System
# Version 2021.1 4558100 win64 28-Jan-2021

log created Thu Aug  7 18:07:52 2025 by User on DESKTOP-KQ2UU1D


Questa Debug flags:
 4300:  lint_gui_mode        (Default False)


## Applying Lint Waivers...
Final Process Statistics: Max memory 276MB, CPU time 20s, Total time 21s
End of log Thu Aug  7 18:07:57 2025


Result Summary
-----------------------------------------------------------
Error (0)
-----------------------------------------------------------

-----------------------------------------------------------
Warning (5)
-----------------------------------------------------------
  seq_block_has_duplicate_assign          :5

-----------------------------------------------------------
Info (5)
-----------------------------------------------------------
  parameter_name_duplicate                :2
  always_signal_assign_large              :1
  multi_ports_in_single_line              :2

-----------------------------------------------------------
Resolved (0)
-----------------------------------------------------------

# Generating Debug Information...

=================================================================
To view results in batch
  C:/Users/User/Documents/My-Github/SPI_Project/lint.rpt

To view results in GUI (Beta Version) 
  qverify C:/Users/User/Documents/My-Github/SPI_Project/lint.db
=================================================================
