Copyright 1986-2018 Xilinx, Inc. All Rights Reserved.
-----------------------------------------------------------------------------------------------------------------------------------------------------------------------
| Tool Version : Vivado v.2018.2 (win64) Build 2258646 Thu Jun 14 20:03:12 MDT 2018
| Date         : Thu Aug  7 19:27:28 2025
| Host         : DESKTOP-KQ2UU1D running 64-bit major release  (build 9200)
| Command      : report_methodology -file SPI_Wrapper_methodology_drc_routed.rpt -pb SPI_Wrapper_methodology_drc_routed.pb -rpx SPI_Wrapper_methodology_drc_routed.rpx
| Design       : SPI_Wrapper
| Device       : xc7a35ticpg236-1L
| Speed File   : -1L
| Design State : Routed
-----------------------------------------------------------------------------------------------------------------------------------------------------------------------

Report Methodology

Table of Contents
-----------------
1. REPORT SUMMARY
2. REPORT DETAILS

1. REPORT SUMMARY
-----------------
            Netlist: netlist
          Floorplan: design_1
      Design limits: <entire design considered>
             Max violations: <unlimited>
             Violations found: 8
+-----------+----------+-------------------------------+------------+
| Rule      | Severity | Description                   | Violations |
+-----------+----------+-------------------------------+------------+
| TIMING-18 | Warning  | Missing input or output delay | 3          |
| TIMING-20 | Warning  | Non-clocked latch             | 5          |
+-----------+----------+-------------------------------+------------+

2. REPORT DETAILS
-----------------
TIMING-18#1 Warning
Missing input or output delay  
An input delay is missing on MOSI relative to clock(s) sys_clk_pin
Related violations: <none>

TIMING-18#2 Warning
Missing input or output delay  
An input delay is missing on rst_n relative to clock(s) sys_clk_pin
Related violations: <none>

TIMING-18#3 Warning
Missing input or output delay  
An output delay is missing on MISO relative to clock(s) sys_clk_pin
Related violations: <none>

TIMING-20#1 Warning
Non-clocked latch  
The latch SPI/FSM_onehot_ns_reg[0] cannot be properly analyzed as its control pin SPI/FSM_onehot_ns_reg[0]/G is not reached by a timing clock
Related violations: <none>

TIMING-20#2 Warning
Non-clocked latch  
The latch SPI/FSM_onehot_ns_reg[1] cannot be properly analyzed as its control pin SPI/FSM_onehot_ns_reg[1]/G is not reached by a timing clock
Related violations: <none>

TIMING-20#3 Warning
Non-clocked latch  
The latch SPI/FSM_onehot_ns_reg[2] cannot be properly analyzed as its control pin SPI/FSM_onehot_ns_reg[2]/G is not reached by a timing clock
Related violations: <none>

TIMING-20#4 Warning
Non-clocked latch  
The latch SPI/FSM_onehot_ns_reg[3] cannot be properly analyzed as its control pin SPI/FSM_onehot_ns_reg[3]/G is not reached by a timing clock
Related violations: <none>

TIMING-20#5 Warning
Non-clocked latch  
The latch SPI/FSM_onehot_ns_reg[4] cannot be properly analyzed as its control pin SPI/FSM_onehot_ns_reg[4]/G is not reached by a timing clock
Related violations: <none>


