Copyright 1986-2018 Xilinx, Inc. All Rights Reserved.
---------------------------------------------------------------------------------------------------------------------------
| Tool Version : Vivado v.2018.2 (win64) Build 2258646 Thu Jun 14 20:03:12 MDT 2018
| Date         : Thu Aug  7 19:27:27 2025
| Host         : DESKTOP-KQ2UU1D running 64-bit major release  (build 9200)
| Command      : report_drc -file SPI_Wrapper_drc_routed.rpt -pb SPI_Wrapper_drc_routed.pb -rpx SPI_Wrapper_drc_routed.rpx
| Design       : SPI_Wrapper
| Device       : xc7a35ticpg236-1L
| Speed File   : -1L
| Design State : Routed
---------------------------------------------------------------------------------------------------------------------------

Report DRC

Table of Contents
-----------------
1. REPORT SUMMARY
2. REPORT DETAILS

1. REPORT SUMMARY
-----------------
            Netlist: netlist
          Floorplan: design_1
      Design limits: <entire design considered>
           Ruledeck: default
             Max violations: <unlimited>
             Violations found: 1
+----------+----------+-------------------+------------+
| Rule     | Severity | Description       | Violations |
+----------+----------+-------------------+------------+
| PDRC-153 | Warning  | Gated clock check | 1          |
+----------+----------+-------------------+------------+

2. REPORT DETAILS
-----------------
PDRC-153#1 Warning
Gated clock check  
Net SPI/ns is a gated clock net sourced by a combinational pin SPI/FSM_onehot_ns_reg[4]_i_2/O, cell SPI/FSM_onehot_ns_reg[4]_i_2. This is not good design practice and will likely impact performance. For SLICE registers, for example, use the CE pin to control the loading of data.
Related violations: <none>


