Copyright 1986-2018 Xilinx, Inc. All Rights Reserved.
------------------------------------------------------------------------------------------------------------------------
| Tool Version : Vivado v.2018.2 (win64) Build 2258646 Thu Jun 14 20:03:12 MDT 2018
| Date         : Thu Aug  7 19:27:02 2025
| Host         : DESKTOP-KQ2UU1D running 64-bit major release  (build 9200)
| Command      : report_drc -file SPI_Wrapper_drc_opted.rpt -pb SPI_Wrapper_drc_opted.pb -rpx SPI_Wrapper_drc_opted.rpx
| Design       : SPI_Wrapper
| Device       : xc7a35ticpg236-1L
| Speed File   : -1L
| Design State : Synthesized
------------------------------------------------------------------------------------------------------------------------

Report DRC

Table of Contents
-----------------
1. REPORT SUMMARY
2. REPORT DETAILS

1. REPORT SUMMARY
-----------------
            Netlist: netlist
          Floorplan: design_1
      Design limits: <entire design considered>
           Ruledeck: default
             Max violations: <unlimited>
             Violations found: 0
+------+----------+-------------+------------+
| Rule | Severity | Description | Violations |
+------+----------+-------------+------------+
+------+----------+-------------+------------+

2. REPORT DETAILS
-----------------

